<?xml version="1.0" encoding="utf-8"?><testsuites name="pytest tests"><testsuite name="pytest" errors="0" failures="0" skipped="0" tests="43" time="1.025" timestamp="2026-08-10T15:42:04.863746-05:00" hostname="Brians-MacBook-Air.local"><testcase classname="tests.test_approval" name="test_naive_prompt_contains_agent_rationale_not_hardened_facts" time="0.024" /><testcase classname="tests.test_approval" name="test_hardened_prompt_contains_facts_not_agent_rationale" time="0.001" /><testcase classname="tests.test_approval" name="test_gullible_judge_is_fooled_by_naive_but_not_hardened" time="0.000" /><testcase classname="tests.test_approval" name="test_skeptical_judge_denies_both" time="0.000" /><testcase classname="tests.test_budget" name="test_budget_starts_at_zero" time="0.000" /><testcase classname="tests.test_budget" name="test_record_tool_call_increments_count" time="0.000" /><testcase classname="tests.test_budget" name="test_record_tool_call_accumulates_refund_amount" time="0.000" /><testcase classname="tests.test_capability" name="test_mint_and_redeem_round_trip" time="0.000" /><testcase classname="tests.test_capability" name="test_redeem_rejects_replay" time="0.000" /><testcase classname="tests.test_capability" name="test_redeem_rejects_different_tool" time="0.000" /><testcase classname="tests.test_capability" name="test_redeem_rejects_different_args" time="0.000" /><testcase classname="tests.test_capability" name="test_redeem_rejects_different_session" time="0.000" /><testcase classname="tests.test_capability" name="test_redeem_rejects_garbage_token" time="0.000" /><testcase classname="tests.test_mcp_client" name="test_first_registration_pins_and_trusts" time="0.000" /><testcase classname="tests.test_mcp_client" name="test_matching_description_stays_trusted" time="0.000" /><testcase classname="tests.test_mcp_client" name="test_changed_description_is_drift_and_excluded" time="0.000" /><testcase classname="tests.test_plan" name="test_submit_plan_approves_within_policy_step" time="0.140" /><testcase classname="tests.test_plan" name="test_submit_plan_denies_over_threshold_step" time="0.019" /><testcase classname="tests.test_plan" name="test_submit_plan_catches_split_refund_within_one_plan" time="0.036" /><testcase classname="tests.test_plan" name="test_plan_hash_is_deterministic_for_same_steps" time="0.032" /><testcase classname="tests.test_plan" name="test_execute_step_rejects_denied_step" time="0.017" /><testcase classname="tests.test_plan" name="test_execute_step_rejects_out_of_range_index" time="0.016" /><testcase classname="tests.test_plan" name="test_execute_step_rejects_unknown_plan_id" time="0.001" /><testcase classname="tests.test_plan" name="test_deviation_attempts_are_logged" time="0.000" /><testcase classname="tests.test_policy" name="test_refund_within_threshold_is_allowed" time="0.016" /><testcase classname="tests.test_policy" name="test_refund_over_threshold_is_denied" time="0.014" /><testcase classname="tests.test_policy" name="test_broker_cannot_issue_refund" time="0.014" /><testcase classname="tests.test_policy" name="test_hr_can_search_kb_but_not_lookup_claim" time="0.028" /><testcase classname="tests.test_policy" name="test_session_budget_exhausted" time="0.014" /><testcase classname="tests.test_policy" name="test_string_valued_amount_cents_is_normalized_not_denied_by_type" time="0.014" /><testcase classname="tests.test_policy" name="test_string_valued_amount_cents_over_threshold_is_still_denied" time="0.014" /><testcase classname="tests.test_retrieval_policy" name="test_broker_visible_roles_exclude_hr" time="0.014" /><testcase classname="tests.test_retrieval_policy" name="test_hr_visible_roles_are_hr_only" time="0.014" /><testcase classname="tests.test_retrieval_policy" name="test_unknown_role_gets_no_visibility" time="0.015" /><testcase classname="tests.test_retrieval_policy" name="test_postfilter_denies_hr_chunk_for_broker" time="0.014" /><testcase classname="tests.test_retrieval_policy" name="test_postfilter_allows_shared_chunk_for_adjuster" time="0.014" /><testcase classname="tests.test_retrieval_policy" name="test_postfilter_preserves_one_decision_per_submitted_chunk" time="0.014" /><testcase classname="tests.test_staged_commit" name="test_stage_creates_pending_action" time="0.000" /><testcase classname="tests.test_staged_commit" name="test_void_within_window_succeeds" time="0.000" /><testcase classname="tests.test_staged_commit" name="test_void_unknown_commit_id_raises" time="0.000" /><testcase classname="tests.test_staged_commit" name="test_void_after_window_expired_raises" time="0.000" /><testcase classname="tests.test_staged_commit" name="test_finalize_expired_moves_status" time="0.000" /><testcase classname="tests.test_staged_commit" name="test_list_for_session_filters_correctly" time="0.000" /></testsuite></testsuites>